\BOOKMARK [0][-]{chapter*.1}{\376\377\000S\000o\000b\000r\000e\000\040\000o\000\040\000A\000u\000t\000o\000r}{}% 1
\BOOKMARK [0][-]{chapter*.2}{\376\377\000C\000o\000p\000y\000r\000i\000g\000h\000t\000\040\000\046\000\040\000D\000i\000s\000c\000l\000a\000i\000m\000e\000r}{}% 2
\BOOKMARK [0][-]{chapter*.3}{\376\377\000C\000o\000m\000o\000\040\000U\000s\000a\000r\000\040\000E\000s\000t\000e\000\040\000S\000i\000s\000t\000e\000m\000a}{}% 3
\BOOKMARK [0][-]{chapter*.7}{\376\377\000M\000\363\000d\000u\000l\000o\000\040\0000\000:\000\040\000I\000n\000t\000r\000o\000d\000u\000\347\000\343\000o\000\040\000a\000o\000\040\000S\000i\000s\000t\000e\000m\000a\000\040\000C\000J\000P}{}% 4
\BOOKMARK [1][-]{section.0.1}{\376\377\000A\000\040\000I\000l\000u\000s\000\343\000o\000\040\000d\000a\000\040\000A\000u\000t\000o\000m\000a\000\347\000\343\000o\000:\000\040\000P\000o\000r\000\040\000Q\000u\000e\000\040\000S\000o\000f\000t\000w\000a\000r\000e\000s\000\040\000F\000a\000l\000h\000a\000m}{chapter*.7}% 5
\BOOKMARK [2][-]{subsection.0.1.1}{\376\377\000O\000\040\000P\000r\000o\000b\000l\000e\000m\000a\000\040\000d\000a\000s\000\040\000`\000`\000C\000a\000i\000x\000a\000s\000\040\000P\000r\000e\000t\000a\000s\000'\000'}{section.0.1}% 6
\BOOKMARK [2][-]{subsection.0.1.2}{\376\377\000O\000s\000\040\0003\000\040\000P\000r\000o\000b\000l\000e\000m\000a\000s\000\040\000E\000s\000t\000r\000u\000t\000u\000r\000a\000i\000s\000\040\000d\000a\000\040\000A\000u\000t\000o\000m\000a\000\347\000\343\000o}{section.0.1}% 7
\BOOKMARK [2][-]{subsection.0.1.3}{\376\377\000A\000\040\000S\000o\000l\000u\000\347\000\343\000o\000:\000\040\000V\000a\000l\000i\000d\000a\000\347\000\343\000o\000\040\000E\000s\000t\000r\000a\000t\000\351\000g\000i\000c\000a\000\040\000H\000u\000m\000a\000n\000a\000\040\000\050\000M\000\351\000t\000o\000d\000o\000\040\000C\000J\000P\000\051}{section.0.1}% 8
\BOOKMARK [1][-]{section.0.2}{\376\377\000O\000s\000\040\0005\000\040\000P\000i\000l\000a\000r\000e\000s\000\040\000d\000o\000\040\000M\000\351\000t\000o\000d\000o\000\040\000C\000J\000P\000\040\000E\000x\000p\000l\000i\000c\000a\000d\000o\000s}{chapter*.7}% 9
\BOOKMARK [2][-]{subsection.0.2.1}{\376\377\000P\000I\000L\000A\000R\000\040\0001\000:\000\040\000A\000\040\000E\000N\000T\000R\000E\000V\000I\000S\000T\000A\000\040\000E\000S\000T\000R\000A\000T\000\311\000G\000I\000C\000A}{section.0.2}% 10
\BOOKMARK [2][-]{subsection.0.2.2}{\376\377\000P\000I\000L\000A\000R\000\040\0002\000:\000\040\000O\000\040\000D\000I\000A\000G\000N\000\323\000S\000T\000I\000C\000O\000\040\000I\000M\000P\000E\000C\000\301\000V\000E\000L}{section.0.2}% 11
\BOOKMARK [2][-]{subsection.0.2.3}{\376\377\000P\000I\000L\000A\000R\000\040\0003\000:\000\040\000O\000S\000\040\000A\000C\000E\000R\000T\000O\000S\000\040\000D\000E\000\040\000V\000\315\000N\000C\000U\000L\000O\000S}{section.0.2}% 12
\BOOKMARK [2][-]{subsection.0.2.4}{\376\377\000P\000I\000L\000A\000R\000\040\0004\000:\000\040\000O\000S\000\040\000C\000\301\000L\000C\000U\000L\000O\000S\000\040\000S\000I\000S\000T\000E\000M\000A\000T\000I\000Z\000A\000D\000O\000S}{section.0.2}% 13
\BOOKMARK [2][-]{subsection.0.2.5}{\376\377\000P\000I\000L\000A\000R\000\040\0005\000:\000\040\000A\000\040\000E\000N\000T\000R\000E\000G\000A\000\040\000D\000E\000\040\000V\000A\000L\000O\000R}{section.0.2}% 14
\BOOKMARK [1][-]{section.0.3}{\376\377\000G\000l\000o\000s\000s\000\341\000r\000i\000o\000\040\000E\000s\000s\000e\000n\000c\000i\000a\000l\000\040\000d\000o\000\040\000S\000i\000s\000t\000e\000m\000a\000\040\000C\000J\000P}{chapter*.7}% 15
\BOOKMARK [2][-]{subsection.0.3.1}{\376\377\000T\000e\000r\000m\000o\000s\000\040\000T\000\351\000c\000n\000i\000c\000o\000s\000\040\000P\000r\000e\000v\000i\000d\000e\000n\000c\000i\000\341\000r\000i\000o\000s}{section.0.3}% 16
\BOOKMARK [2][-]{subsection.0.3.2}{\376\377\000T\000e\000r\000m\000o\000s\000\040\000d\000o\000\040\000M\000\351\000t\000o\000d\000o\000\040\000C\000J\000P}{section.0.3}% 17
\BOOKMARK [2][-]{subsection.0.3.3}{\376\377\000T\000e\000r\000m\000o\000s\000\040\000N\000o\000v\000o\000s\000\040\0002\0000\0002\0005\000/\0002\0000\0002\0006}{section.0.3}% 18
\BOOKMARK [1][-]{section.0.4}{\376\377\000A\000s\000\040\0003\000\040\000G\000r\000a\000n\000d\000e\000s\000\040\000E\000r\000a\000s\000\040\000d\000o\000\040\000C\000\341\000l\000c\000u\000l\000o\000\040\000P\000r\000e\000v\000i\000d\000e\000n\000c\000i\000\341\000r\000i\000o}{chapter*.7}% 19
\BOOKMARK [2][-]{subsection.0.4.1}{\376\377\000E\000r\000a\000\040\0001\000:\000\040\000P\000r\000\351\000-\000R\000e\000f\000o\000r\000m\000a\000\040\000\050\000a\000t\000\351\000\040\0001\0002\000/\0001\0001\000/\0002\0000\0001\0009\000\051}{section.0.4}% 20
\BOOKMARK [2][-]{subsection.0.4.2}{\376\377\000E\000r\000a\000\040\0002\000:\000\040\000R\000e\000g\000r\000a\000s\000\040\000d\000e\000\040\000T\000r\000a\000n\000s\000i\000\347\000\343\000o\000\040\000\050\0001\0003\000/\0001\0001\000/\0002\0000\0001\0009\000\040\000-\000\040\000p\000r\000e\000s\000e\000n\000t\000e\000\051}{section.0.4}% 21
\BOOKMARK [2][-]{subsection.0.4.3}{\376\377\000E\000r\000a\000\040\0003\000:\000\040\000R\000e\000g\000r\000a\000\040\000P\000e\000r\000m\000a\000n\000e\000n\000t\000e\000\040\000\050\000f\000u\000t\000u\000r\000o\000\051}{section.0.4}% 22
\BOOKMARK [1][-]{section.0.5}{\376\377\000C\000h\000e\000c\000k\000l\000i\000s\000t\000\040\000P\000r\000\351\000-\000C\000o\000n\000s\000u\000l\000t\000a}{chapter*.7}% 23
\BOOKMARK [1][-]{section.0.6}{\376\377\000M\000e\000n\000s\000a\000g\000e\000m\000\040\000F\000i\000n\000a\000l\000\040\000d\000o\000\040\000M\000\363\000d\000u\000l\000o\000\040\0000}{chapter*.7}% 24
\BOOKMARK [0][-]{chapter*.9}{\376\377\000M\000\363\000d\000u\000l\000o\000\040\0001\000:\000\040\000A\000\040\000E\000n\000t\000r\000e\000v\000i\000s\000t\000a\000\040\000E\000s\000t\000r\000a\000t\000\351\000g\000i\000c\000a}{}% 25
\BOOKMARK [1][-]{section.1.7}{\376\377\000O\000\040\000M\000i\000t\000o\000\040\000d\000o\000\040\000C\000N\000I\000S\000\040\000P\000e\000r\000f\000e\000i\000t\000o}{chapter*.9}% 26
\BOOKMARK [2][-]{subsection.1.7.1}{\376\377\000A\000\040\000M\000e\000n\000t\000i\000r\000a\000\040\000Q\000u\000e\000\040\000T\000o\000d\000o\000\040\000A\000d\000v\000o\000g\000a\000d\000o\000\040\000J\000\341\000\040\000A\000c\000r\000e\000d\000i\000t\000o\000u}{section.1.7}% 27
\BOOKMARK [2][-]{subsection.1.7.2}{\376\377\000O\000\040\000Q\000u\000e\000\040\000o\000\040\000C\000N\000I\000S\000\040\000N\000\303\000O\000\040\000M\000o\000s\000t\000r\000a\000\040\000\050\000E\000\040\000P\000o\000r\000\040\000Q\000u\000e\000\051}{section.1.7}% 28
\BOOKMARK [1][-]{section.1.8}{\376\377\000A\000\040\000R\000e\000v\000o\000l\000u\000\347\000\343\000o\000\040\000d\000a\000\040\000P\000r\000o\000c\000u\000r\000a\000\347\000\343\000o\000\040\000E\000l\000e\000t\000r\000\364\000n\000i\000c\000a}{chapter*.9}% 29
\BOOKMARK [2][-]{subsection.1.8.1}{\376\377\000O\000\040\000F\000i\000m\000\040\000d\000a\000\040\000D\000e\000p\000e\000n\000d\000\352\000n\000c\000i\000a\000\040\000d\000e\000\040\000S\000e\000n\000h\000a\000s\000\040\000d\000o\000\040\000C\000l\000i\000e\000n\000t\000e}{section.1.8}% 30
\BOOKMARK [2][-]{subsection.1.8.2}{\376\377\000R\000e\000q\000u\000i\000s\000i\000t\000o\000s\000\040\000e\000\040\000F\000u\000n\000c\000i\000o\000n\000a\000m\000e\000n\000t\000o}{section.1.8}% 31
\BOOKMARK [2][-]{subsection.1.8.3}{\376\377\000R\000e\000s\000p\000o\000n\000s\000a\000b\000i\000l\000i\000d\000a\000d\000e\000s\000\040\000d\000o\000\040\000A\000d\000v\000o\000g\000a\000d\000o\000\040\000\050\000A\000r\000t\000.\000\040\0009\000o\000\051}{section.1.8}% 32
\BOOKMARK [2][-]{subsection.1.8.4}{\376\377\000C\000o\000m\000o\000\040\000U\000s\000a\000r\000\040\000n\000a\000\040\000E\000n\000t\000r\000e\000v\000i\000s\000t\000a\000\040\000E\000s\000t\000r\000a\000t\000\351\000g\000i\000c\000a}{section.1.8}% 33
\BOOKMARK [1][-]{section.1.9}{\376\377\000P\000o\000r\000\040\000Q\000u\000e\000\040\000a\000\040\000E\000n\000t\000r\000e\000v\000i\000s\000t\000a\000\040\000\311\000\040\000o\000\040\000P\000i\000l\000a\000r\000\040\0001}{chapter*.9}% 34
\BOOKMARK [1][-]{section.1.10}{\376\377\000O\000\040\000R\000o\000t\000e\000i\000r\000o\000\040\000I\000n\000v\000e\000s\000t\000i\000g\000a\000t\000i\000v\000o\000\040\000C\000J\000P\000:\000\040\0008\000\040\000P\000e\000r\000g\000u\000n\000t\000a\000s\000-\000G\000a\000t\000i\000l\000h\000o}{chapter*.9}% 35
\BOOKMARK [2][-]{subsection.1.10.1}{\376\377\000C\000o\000m\000o\000\040\000U\000s\000a\000r\000\040\000E\000s\000t\000e\000\040\000R\000o\000t\000e\000i\000r\000o}{section.1.10}% 36
\BOOKMARK [2][-]{subsection.1.10.2}{\376\377\000G\000A\000T\000I\000L\000H\000O\000\040\0001\000:\000\040\000V\000\355\000n\000c\000u\000l\000o\000s\000\040\000R\000u\000r\000a\000i\000s\000\040\000\050\000A\000r\000m\000a\000d\000i\000l\000h\000a\000\040\0007\000\051}{section.1.10}% 37
\BOOKMARK [2][-]{subsection.1.10.3}{\376\377\000G\000A\000T\000I\000L\000H\000O\000\040\0002\000:\000\040\000T\000e\000m\000p\000o\000\040\000M\000i\000l\000i\000t\000a\000r\000/\000C\000T\000C\000\040\000\050\000A\000r\000m\000a\000d\000i\000l\000h\000a\000\040\0004\000\051}{section.1.10}% 38
\BOOKMARK [2][-]{subsection.1.10.4}{\376\377\000G\000A\000T\000I\000L\000H\000O\000\040\0003\000:\000\040\000A\000t\000i\000v\000i\000d\000a\000d\000e\000\040\000E\000s\000p\000e\000c\000i\000a\000l\000\040\000\050\000A\000r\000m\000a\000d\000i\000l\000h\000a\000\040\0005\000\051}{section.1.10}% 39
\BOOKMARK [2][-]{subsection.1.10.5}{\376\377\000G\000A\000T\000I\000L\000H\000O\000\040\0004\000:\000\040\000V\000\355\000n\000c\000u\000l\000o\000s\000\040\000P\000E\000X\000T\000\040\000\050\000A\000r\000m\000a\000d\000i\000l\000h\000a\000\040\0001\000\051}{section.1.10}% 40
\BOOKMARK [2][-]{subsection.1.10.6}{\376\377\000G\000A\000T\000I\000L\000H\000O\000\040\0005\000:\000\040\000A\000t\000i\000v\000i\000d\000a\000d\000e\000s\000\040\000C\000o\000n\000c\000o\000m\000i\000t\000a\000n\000t\000e\000s\000\040\000\050\000A\000r\000m\000a\000d\000i\000l\000h\000a\000\040\0002\000\051}{section.1.10}% 41
\BOOKMARK [2][-]{subsection.1.10.7}{\376\377\000G\000A\000T\000I\000L\000H\000O\000\040\0006\000:\000\040\000A\000f\000a\000s\000t\000a\000m\000e\000n\000t\000o\000s\000\040\000\050\000A\000r\000m\000a\000d\000i\000l\000h\000a\000\040\0003\000\051}{section.1.10}% 42
\BOOKMARK [2][-]{subsection.1.10.8}{\376\377\000G\000A\000T\000I\000L\000H\000O\000\040\0007\000:\000\040\000P\000e\000c\000\372\000l\000i\000o\000s\000\040\000e\000\040\000A\000b\000o\000n\000o\000s\000\040\000\050\000A\000r\000m\000a\000d\000i\000l\000h\000a\000\040\0008\000\051}{section.1.10}% 43
\BOOKMARK [2][-]{subsection.1.10.9}{\376\377\000G\000A\000T\000I\000L\000H\000O\000\040\0008\000:\000\040\000S\000a\000l\000\341\000r\000i\000o\000-\000M\000a\000t\000e\000r\000n\000i\000d\000a\000d\000e\000\040\000\050\000A\000r\000m\000a\000d\000i\000l\000h\000a\000\040\0006\000\051}{section.1.10}% 44
\BOOKMARK [1][-]{section.1.11}{\376\377\000C\000h\000e\000c\000k\000l\000i\000s\000t\000\040\000d\000e\000\040\000D\000o\000c\000u\000m\000e\000n\000t\000a\000\347\000\343\000o\000\040\000p\000o\000r\000\040\000T\000i\000p\000o\000\040\000d\000e\000\040\000S\000e\000g\000u\000r\000a\000d\000o}{chapter*.9}% 45
\BOOKMARK [2][-]{subsection.1.11.1}{\376\377\000P\000a\000r\000a\000\040\000T\000O\000D\000O\000S\000\040\000o\000s\000\040\000S\000e\000g\000u\000r\000a\000d\000o\000s}{section.1.11}% 46
\BOOKMARK [2][-]{subsection.1.11.2}{\376\377\000P\000a\000r\000a\000\040\000S\000e\000g\000u\000r\000a\000d\000o\000s\000\040\000C\000L\000T}{section.1.11}% 47
\BOOKMARK [2][-]{subsection.1.11.3}{\376\377\000P\000a\000r\000a\000\040\000S\000e\000g\000u\000r\000a\000d\000o\000s\000\040\000c\000o\000m\000\040\000T\000e\000m\000p\000o\000\040\000R\000u\000r\000a\000l}{section.1.11}% 48
\BOOKMARK [2][-]{subsection.1.11.4}{\376\377\000P\000a\000r\000a\000\040\000E\000x\000-\000S\000e\000r\000v\000i\000d\000o\000r\000e\000s\000\040\000P\000\372\000b\000l\000i\000c\000o\000s}{section.1.11}% 49
\BOOKMARK [2][-]{subsection.1.11.5}{\376\377\000P\000a\000r\000a\000\040\000A\000u\000t\000\364\000n\000o\000m\000o\000s\000/\000M\000E\000I}{section.1.11}% 50
\BOOKMARK [1][-]{section.1.12}{\376\377\000T\000e\000m\000a\000\040\0001\0001\0002\0004\000\040\000S\000T\000J\000:\000\040\000A\000\040\000I\000n\000s\000t\000r\000u\000\347\000\343\000o\000\040\000C\000o\000m\000p\000l\000e\000t\000a\000\040\000d\000o\000\040\000P\000A}{chapter*.9}% 51
\BOOKMARK [2][-]{subsection.1.12.1}{\376\377\000O\000\040\000Q\000u\000e\000\040\000D\000i\000z\000\040\000o\000\040\000T\000e\000m\000a\000\040\0001\0001\0002\0004}{section.1.12}% 52
\BOOKMARK [2][-]{subsection.1.12.2}{\376\377\000I\000m\000p\000a\000c\000t\000o\000\040\000P\000r\000\341\000t\000i\000c\000o\000:\000\040\000D\000I\000B\000\040\000n\000a\000\040\000D\000E\000R\000\040\000v\000s\000\040\000D\000I\000B\000\040\000n\000a\000\040\000C\000i\000t\000a\000\347\000\343\000o}{section.1.12}% 53
\BOOKMARK [2][-]{subsection.1.12.3}{\376\377\000E\000x\000e\000m\000p\000l\000o\000\040\000P\000r\000\341\000t\000i\000c\000o\000:\000\040\000O\000\040\000C\000u\000s\000t\000o\000\040\000d\000e\000\040\000N\000\343\000o\000\040\000I\000n\000s\000t\000r\000u\000i\000r\000\040\000o\000\040\000P\000A}{section.1.12}% 54
\BOOKMARK [2][-]{subsection.1.12.4}{\376\377\000C\000h\000e\000c\000k\000l\000i\000s\000t\000\040\000d\000e\000\040\000I\000n\000s\000t\000r\000u\000\347\000\343\000o\000\040\000d\000o\000\040\000P\000A\000\040\000\050\000T\000e\000m\000a\000\040\0001\0001\0002\0004\000\051}{section.1.12}% 55
\BOOKMARK [1][-]{section.1.13}{\376\377\000M\000a\000t\000r\000i\000z\000\040\000d\000e\000\040\000P\000r\000i\000o\000r\000i\000z\000a\000\347\000\343\000o\000:\000\040\000O\000n\000d\000e\000\040\000F\000o\000c\000a\000r\000\040\000P\000r\000i\000m\000e\000i\000r\000o}{chapter*.9}% 56
\BOOKMARK [2][-]{subsection.1.13.1}{\376\377\000M\000a\000t\000r\000i\000z\000\040\000d\000e\000\040\000I\000m\000p\000a\000c\000t\000o\000\040\000v\000s\000\040\000D\000i\000f\000i\000c\000u\000l\000d\000a\000d\000e\000\040\000d\000e\000\040\000P\000r\000o\000v\000a}{section.1.13}% 57
\BOOKMARK [2][-]{subsection.1.13.2}{\376\377\000R\000e\000g\000r\000a\000\040\000d\000e\000\040\000O\000u\000r\000o\000\040\000d\000a\000\040\000P\000r\000i\000o\000r\000i\000z\000a\000\347\000\343\000o}{section.1.13}% 58
\BOOKMARK [1][-]{section.1.14}{\376\377\000F\000l\000u\000x\000o\000g\000r\000a\000m\000a\000:\000\040\000D\000a\000\040\000E\000n\000t\000r\000e\000v\000i\000s\000t\000a\000\040\000a\000o\000\040\000D\000i\000a\000g\000n\000\363\000s\000t\000i\000c\000o\000\040\000C\000o\000m\000p\000l\000e\000t\000o}{chapter*.9}% 59
\BOOKMARK [1][-]{section.1.15}{\376\377\000C\000a\000s\000o\000s\000\040\000P\000r\000\341\000t\000i\000c\000o\000s\000:\000\040\0003\000\040\000E\000n\000t\000r\000e\000v\000i\000s\000t\000a\000s\000\040\000Q\000u\000e\000\040\000M\000u\000d\000a\000r\000a\000m\000\040\000T\000u\000d\000o}{chapter*.9}% 60
\BOOKMARK [2][-]{subsection.1.15.1}{\376\377\000C\000A\000S\000O\000\040\0001\000:\000\040\000O\000\040\000S\000o\000l\000d\000a\000d\000o\000r\000\040\000E\000s\000q\000u\000e\000c\000i\000d\000o}{section.1.15}% 61
\BOOKMARK [2][-]{subsection.1.15.2}{\376\377\000C\000A\000S\000O\000\040\0002\000:\000\040\000A\000\040\000P\000r\000o\000f\000e\000s\000s\000o\000r\000a\000\040\000R\000u\000r\000a\000l}{section.1.15}% 62
\BOOKMARK [2][-]{subsection.1.15.3}{\376\377\000C\000A\000S\000O\000\040\0003\000:\000\040\000O\000\040\000V\000e\000n\000d\000e\000d\000o\000r\000\040\000d\000a\000s\000\040\000C\000o\000m\000i\000s\000s\000\365\000e\000s\000\040\000P\000e\000r\000d\000i\000d\000a\000s}{section.1.15}% 63
\BOOKMARK [1][-]{section.1.16}{\376\377\000C\000h\000e\000c\000k\000l\000i\000s\000t\000\040\000M\000a\000s\000t\000e\000r\000\040\000d\000o\000\040\000P\000i\000l\000a\000r\000\040\0001}{chapter*.9}% 64
\BOOKMARK [1][-]{section.1.17}{\376\377\000C\000o\000n\000c\000l\000u\000s\000\343\000o\000\040\000d\000o\000\040\000M\000\363\000d\000u\000l\000o\000\040\0001}{chapter*.9}% 65
\BOOKMARK [1][-]{section.1.18}{\376\377\000P\000r\000\363\000x\000i\000m\000o\000\040\000P\000a\000s\000s\000o}{chapter*.9}% 66
\BOOKMARK [1][-]{section.1.19}{\376\377\000R\000e\000f\000e\000r\000\352\000n\000c\000i\000a\000s\000\040\000L\000e\000g\000i\000s\000l\000a\000t\000i\000v\000a\000s\000\040\000\050\000M\000\363\000d\000u\000l\000o\000\040\0001\000\051}{chapter*.9}% 67
\BOOKMARK [0][-]{chapter*.12}{\376\377\000M\000\363\000d\000u\000l\000o\000\040\0002\000:\000\040\000A\000u\000d\000i\000t\000o\000r\000i\000a\000\040\000d\000o\000\040\000C\000N\000I\000S}{}% 68
\BOOKMARK [1][-]{section.2.20}{\376\377\000O\000\040\000C\000N\000I\000S\000\040\000c\000o\000m\000o\000\040\000C\000a\000m\000p\000o\000\040\000d\000e\000\040\000B\000a\000t\000a\000l\000h\000a\000\040\000P\000r\000e\000v\000i\000d\000e\000n\000c\000i\000\341\000r\000i\000o}{chapter*.12}% 69
\BOOKMARK [2][-]{subsection.2.20.1}{\376\377\000A\000\040\000D\000i\000f\000e\000r\000e\000n\000\347\000a\000\040\000E\000n\000t\000r\000e\000\040\000`\000`\000C\000o\000n\000s\000u\000l\000t\000a\000r\000'\000'\000\040\000e\000\040\000`\000`\000A\000u\000d\000i\000t\000a\000r\000'\000'}{section.2.20}% 70
\BOOKMARK [2][-]{subsection.2.20.2}{\376\377\000P\000o\000r\000\040\000Q\000u\000e\000\040\000o\000\040\000C\000N\000I\000S\000\040\000\311\000\040\000o\000\040\000D\000o\000c\000u\000m\000e\000n\000t\000o\000\040\000M\000a\000i\000s\000\040\000I\000m\000p\000o\000r\000t\000a\000n\000t\000e}{section.2.20}% 71
\BOOKMARK [2][-]{subsection.2.20.3}{\376\377\000A\000s\000\040\000`\000`\000A\000r\000r\000i\000t\000m\000i\000a\000s\000'\000'\000\040\000d\000o\000\040\000S\000i\000s\000t\000e\000m\000a\000:\000\040\000E\000r\000r\000o\000s\000\040\000M\000a\000i\000s\000\040\000C\000o\000m\000u\000n\000s}{section.2.20}% 72
\BOOKMARK [1][-]{section.2.21}{\376\377\000A\000n\000a\000t\000o\000m\000i\000a\000\040\000d\000o\000\040\000I\000n\000d\000i\000c\000a\000d\000o\000r\000\040\000C\000N\000I\000S}{chapter*.12}% 73
\BOOKMARK [2][-]{subsection.2.21.1}{\376\377\000O\000\040\000Q\000u\000e\000\040\000\311\000\040\000u\000m\000\040\000I\000n\000d\000i\000c\000a\000d\000o\000r\000?}{section.2.21}% 74
\BOOKMARK [2][-]{subsection.2.21.2}{\376\377\000E\000s\000t\000r\000u\000t\000u\000r\000a\000\040\000d\000o\000\040\000C\000\363\000d\000i\000g\000o\000:\000\040\000P\000r\000e\000f\000i\000x\000o\000\040\000+\000\040\000T\000i\000p\000o\000\040\000+\000\040\000C\000o\000m\000p\000l\000e\000m\000e\000n\000t\000o}{section.2.21}% 75
\BOOKMARK [3][-]{subsubsection.2.21.2.1}{\376\377\000P\000R\000E\000F\000I\000X\000O\000S\000\040\000\050\000O\000\040\000q\000u\000e\000\040\000o\000\040\000i\000n\000d\000i\000c\000a\000d\000o\000r\000\040\000F\000A\000Z\000\051}{subsection.2.21.2}% 76
\BOOKMARK [3][-]{subsubsection.2.21.2.2}{\376\377\000T\000I\000P\000O\000S\000\040\000\050\000O\000\040\000q\000u\000e\000\040\000e\000s\000t\000\341\000\040\000E\000R\000R\000A\000D\000O\000\051}{subsection.2.21.2}% 77
\BOOKMARK [3][-]{subsubsection.2.21.2.3}{\376\377\000C\000O\000M\000P\000L\000E\000M\000E\000N\000T\000O\000S\000\040\000\050\000C\000o\000n\000t\000e\000x\000t\000o\000\051}{subsection.2.21.2}% 78
\BOOKMARK [2][-]{subsection.2.21.3}{\376\377\000C\000l\000a\000s\000s\000i\000f\000i\000c\000a\000\347\000\343\000o\000\040\000E\000s\000t\000r\000a\000t\000\351\000g\000i\000c\000a}{section.2.21}% 79
\BOOKMARK [2][-]{subsection.2.21.4}{\376\377\000A\000\040\000L\000i\000n\000g\000u\000a\000g\000e\000m\000\040\000S\000e\000c\000r\000e\000t\000a\000\040\000d\000o\000\040\000I\000N\000S\000S\000\040\000D\000e\000c\000o\000d\000i\000f\000i\000c\000a\000d\000a}{section.2.21}% 80
\BOOKMARK [1][-]{section.2.22}{\376\377\000O\000S\000\040\0001\0005\000\040\000I\000N\000D\000I\000C\000A\000D\000O\000R\000E\000S\000\040\000P\000R\000I\000O\000R\000I\000T\000\301\000R\000I\000O\000S}{chapter*.12}% 81
\BOOKMARK [2][-]{subsection.2.22.1}{\376\377\000G\000R\000U\000P\000O\000\040\0001\000:\000\040\000P\000e\000n\000d\000\352\000n\000c\000i\000a\000s\000\040\000C\000r\000\355\000t\000i\000c\000a\000s\000\040\000\050\0007\000\040\000I\000n\000d\000i\000c\000a\000d\000o\000r\000e\000s\000\051}{section.2.22}% 82
\BOOKMARK [3][-]{subsubsection.2.22.1.1}{\376\377\0002\000.\0003\000.\0001\000\040\000P\000E\000X\000T\000\040\000-\000\040\000V\000\355\000n\000c\000u\000l\000o\000\040\000E\000x\000t\000e\000m\000p\000o\000r\000\342\000n\000e\000o}{subsection.2.22.1}% 83
\BOOKMARK [3][-]{subsubsection.2.22.1.2}{\376\377\0002\000.\0003\000.\0002\000\040\000P\000R\000E\000C\000-\000M\000E\000N\000O\000R\000-\000M\000I\000N\000\040\000-\000\040\000R\000e\000m\000u\000n\000e\000r\000a\000\347\000\343\000o\000\040\000A\000b\000a\000i\000x\000o\000\040\000d\000o\000\040\000M\000\355\000n\000i\000m\000o}{subsection.2.22.1}% 84
\BOOKMARK [3][-]{subsubsection.2.22.1.3}{\376\377\0002\000.\0003\000.\0003\000\040\000P\000S\000C\000-\000M\000E\000N\000-\000S\000M\000-\000E\000C\0001\0000\0003\000\040\000-\000\040\000P\000\363\000s\000-\000R\000e\000f\000o\000r\000m\000a\000\040\000A\000b\000a\000i\000x\000o\000\040\000d\000o\000\040\000M\000\355\000n\000i\000m\000o}{subsection.2.22.1}% 85
\BOOKMARK [3][-]{subsubsection.2.22.1.4}{\376\377\0002\000.\0003\000.\0004\000\040\000P\000D\000E\000S\000F\000A\000Z\000-\000A\000J\000-\000E\000C\0001\0000\0003\000\040\000-\000\040\000O\000\040\000B\000l\000o\000q\000u\000e\000a\000d\000o\000r\000\040\000M\000a\000s\000t\000e\000r}{subsection.2.22.1}% 86
\BOOKMARK [1][-]{section.2.23}{\376\377\000I\000n\000d\000i\000c\000a\000d\000o\000r\000e\000s\000\040\0005\000-\0007\000:\000\040\000P\000e\000n\000d\000\352\000n\000c\000i\000a\000s\000\040\000C\000r\000\355\000t\000i\000c\000a\000s\000\040\000\050\000C\000o\000n\000t\000i\000n\000u\000a\000\347\000\343\000o\000\051}{chapter*.12}% 87
\BOOKMARK [2][-]{subsection.2.23.1}{\376\377\000P\000E\000M\000P\000-\000C\000A\000D\000\040\000-\000\040\000E\000m\000p\000r\000e\000s\000a\000\040\000N\000\343\000o\000\040\000C\000a\000d\000a\000s\000t\000r\000a\000d\000a}{section.2.23}% 88
\BOOKMARK [2][-]{subsection.2.23.2}{\376\377\000P\000V\000I\000N\000-\000R\000E\000C\000-\000P\000R\000O\000C\000-\000T\000R\000A\000B\000\040\000-\000\040\000P\000r\000o\000c\000e\000s\000s\000o\000\040\000T\000r\000a\000b\000a\000l\000h\000i\000s\000t\000a\000\040\000P\000e\000n\000d\000e\000n\000t\000e}{section.2.23}% 89
\BOOKMARK [2][-]{subsection.2.23.3}{\376\377\000P\000R\000E\000C\000-\000F\000B\000R\000\040\000-\000\040\000F\000a\000l\000t\000a\000\040\000d\000e\000\040\000B\000a\000s\000e\000\040\000d\000e\000\040\000R\000e\000c\000o\000l\000h\000i\000m\000e\000n\000t\000o}{section.2.23}% 90
\BOOKMARK [1][-]{section.2.24}{\376\377\000G\000R\000U\000P\000O\000\040\0002\000:\000\040\000I\000n\000d\000i\000c\000a\000d\000o\000r\000e\000s\000\040\000I\000n\000f\000o\000r\000m\000a\000t\000i\000v\000o\000s}{chapter*.12}% 91
\BOOKMARK [2][-]{subsection.2.24.1}{\376\377\000I\000E\000A\000N\000\040\000-\000\040\000E\000x\000p\000o\000s\000i\000\347\000\343\000o\000\040\000a\000\040\000A\000g\000e\000n\000t\000e\000\040\000N\000o\000c\000i\000v\000o}{section.2.24}% 92
\BOOKMARK [2][-]{subsection.2.24.2}{\376\377\000I\000C\000A\000R\000\040\000-\000\040\000C\000a\000r\000\352\000n\000c\000i\000a\000\040\000I\000n\000s\000u\000f\000i\000c\000i\000e\000n\000t\000e}{section.2.24}% 93
\BOOKMARK [2][-]{subsection.2.24.3}{\376\377\000I\000P\000R\000E\000V\000I\000\040\000-\000\040\000R\000e\000g\000i\000m\000e\000\040\000P\000r\000\363\000p\000r\000i\000o}{section.2.24}% 94
\BOOKMARK [2][-]{subsection.2.24.4}{\376\377\000I\000A\000U\000T\000V\000I\000D\000\040\000-\000\040\000R\000e\000v\000i\000s\000\343\000o\000\040\000d\000a\000\040\000V\000i\000d\000a\000\040\000T\000o\000d\000a}{section.2.24}% 95
\BOOKMARK [1][-]{section.2.25}{\376\377\000G\000R\000U\000P\000O\000\040\0003\000:\000\040\000A\000c\000e\000r\000t\000o\000s\000\040\000e\000\040\000A\000j\000u\000s\000t\000e\000s}{chapter*.12}% 96
\BOOKMARK [2][-]{subsection.2.25.1}{\376\377\000A\000C\000N\000I\000S\000\040\000-\000\040\000A\000c\000e\000r\000t\000o\000\040\000S\000o\000l\000i\000c\000i\000t\000a\000d\000o}{section.2.25}% 97
\BOOKMARK [2][-]{subsection.2.25.2}{\376\377\000A\000H\000O\000M\000\040\000-\000\040\000A\000c\000e\000r\000t\000o\000\040\000H\000o\000m\000o\000l\000o\000g\000a\000d\000o}{section.2.25}% 98
\BOOKMARK [2][-]{subsection.2.25.3}{\376\377\000A\000P\000E\000N\000D\000\040\000-\000\040\000A\000c\000e\000r\000t\000o\000\040\000P\000e\000n\000d\000e\000n\000t\000e}{section.2.25}% 99
\BOOKMARK [2][-]{subsection.2.25.4}{\376\377\000A\000I\000N\000D\000E\000F\000E\000R\000I\000D\000O\000\040\000-\000\040\000A\000c\000e\000r\000t\000o\000\040\000I\000n\000d\000e\000f\000e\000r\000i\000d\000o}{section.2.25}% 100
\BOOKMARK [1][-]{section.2.26}{\376\377\000M\000a\000t\000r\000i\000z\000\040\000d\000e\000\040\000P\000r\000i\000o\000r\000i\000z\000a\000\347\000\343\000o\000:\000\040\000Q\000u\000a\000l\000\040\000I\000n\000d\000i\000c\000a\000d\000o\000r\000\040\000R\000e\000s\000o\000l\000v\000e\000r\000\040\000P\000r\000i\000m\000e\000i\000r\000o}{chapter*.12}% 101
\BOOKMARK [1][-]{section.2.27}{\376\377\000F\000l\000u\000x\000o\000g\000r\000a\000m\000a\000:\000\040\000D\000a\000\040\000I\000d\000e\000n\000t\000i\000f\000i\000c\000a\000\347\000\343\000o\000\040\000\340\000\040\000R\000e\000s\000o\000l\000u\000\347\000\343\000o\000\040\000C\000o\000m\000p\000l\000e\000t\000a}{chapter*.12}% 102
\BOOKMARK [1][-]{section.2.28}{\376\377\000C\000a\000s\000o\000s\000\040\000P\000r\000\341\000t\000i\000c\000o\000s\000:\000\040\0003\000\040\000C\000N\000I\000S\000\040\000R\000e\000a\000i\000s\000\040\000A\000u\000d\000i\000t\000a\000d\000o\000s}{chapter*.12}% 103
\BOOKMARK [2][-]{subsection.2.28.1}{\376\377\000C\000A\000S\000O\000\040\0001\000:\000\040\000O\000\040\000P\000E\000X\000T\000\040\000q\000u\000e\000\040\000V\000a\000l\000i\000a\000\040\000R\000\044\000\040\0002\0000\0000\000.\0000\0000\0000}{section.2.28}% 104
\BOOKMARK [2][-]{subsection.2.28.2}{\376\377\000C\000A\000S\000O\000\040\0002\000:\000\040\000O\000\040\000B\000l\000o\000q\000u\000e\000i\000o\000\040\000P\000D\000E\000S\000F\000A\000Z}{section.2.28}% 105
\BOOKMARK [2][-]{subsection.2.28.3}{\376\377\000C\000A\000S\000O\000\040\0003\000:\000\040\000A\000\040\000O\000p\000o\000r\000t\000u\000n\000i\000d\000a\000d\000e\000\040\000E\000s\000c\000o\000n\000d\000i\000d\000a\000\040\000\050\000P\000r\000o\000c\000e\000s\000s\000o\000\040\000T\000r\000a\000b\000a\000l\000h\000i\000s\000t\000a\000\051}{section.2.28}% 106
\BOOKMARK [1][-]{section.2.29}{\376\377\000C\000h\000e\000c\000k\000l\000i\000s\000t\000\040\000M\000a\000s\000t\000e\000r\000\040\000d\000o\000\040\000D\000i\000a\000g\000n\000\363\000s\000t\000i\000c\000o\000\040\000E\000x\000p\000l\000\355\000c\000i\000t\000o}{chapter*.12}% 107
\BOOKMARK [1][-]{section.2.30}{\376\377\000C\000o\000n\000c\000l\000u\000s\000\343\000o\000\040\000d\000o\000\040\000M\000\363\000d\000u\000l\000o\000\040\0002}{chapter*.12}% 108
\BOOKMARK [1][-]{section.2.31}{\376\377\000P\000r\000\363\000x\000i\000m\000o\000\040\000P\000a\000s\000s\000o}{chapter*.12}% 109
\BOOKMARK [0][-]{chapter*.19}{\376\377\000M\000\363\000d\000u\000l\000o\000\040\0003\000:\000\040\000A\000r\000m\000a\000d\000i\000l\000h\000a\000s\000\040\000O\000c\000u\000l\000t\000a\000s}{}% 110
\BOOKMARK [1][-]{section.3.32}{\376\377\000A\000\040\000D\000i\000f\000e\000r\000e\000n\000\347\000a\000\040\000E\000n\000t\000r\000e\000\040\000E\000r\000r\000o\000\040\000E\000x\000p\000l\000\355\000c\000i\000t\000o\000\040\000e\000\040\000E\000r\000r\000o\000\040\000I\000m\000p\000l\000\355\000c\000i\000t\000o}{chapter*.19}% 111
\BOOKMARK [2][-]{subsection.3.32.1}{\376\377\000R\000e\000c\000a\000p\000i\000t\000u\000l\000a\000n\000d\000o\000\040\000o\000\040\000P\000i\000l\000a\000r\000\040\0002}{section.3.32}% 112
\BOOKMARK [2][-]{subsection.3.32.2}{\376\377\000P\000o\000r\000\040\000Q\000u\000e\000\040\000a\000s\000\040\000A\000r\000m\000a\000d\000i\000l\000h\000a\000s\000\040\000E\000x\000i\000s\000t\000e\000m\000?}{section.3.32}% 113
\BOOKMARK [2][-]{subsection.3.32.3}{\376\377\000O\000\040\000C\000u\000s\000t\000o\000\040\000d\000o\000\040\000E\000r\000r\000o\000\040\000I\000n\000v\000i\000s\000\355\000v\000e\000l}{section.3.32}% 114
\BOOKMARK [1][-]{section.3.33}{\376\377\000A\000S\000\040\0008\000\040\000A\000R\000M\000A\000D\000I\000L\000H\000A\000S\000\040\000O\000C\000U\000L\000T\000A\000S}{chapter*.19}% 115
\BOOKMARK [2][-]{subsection.3.33.1}{\376\377\000A\000R\000M\000A\000D\000I\000L\000H\000A\000\040\000\043\0001\000:\000\040\000A\000t\000i\000v\000i\000d\000a\000d\000e\000s\000\040\000C\000o\000n\000c\000o\000m\000i\000t\000a\000n\000t\000e\000s\000\040\000N\000\343\000o\000\040\000S\000o\000m\000a\000d\000a\000s}{section.3.33}% 116
\BOOKMARK [3][-]{subsubsection.3.33.1.1}{\376\377\000O\000\040\000q\000u\000e\000\040\000\351}{subsection.3.33.1}% 117
\BOOKMARK [3][-]{subsubsection.3.33.1.2}{\376\377\000P\000o\000r\000\040\000q\000u\000e\000\040\000a\000c\000o\000n\000t\000e\000c\000e}{subsection.3.33.1}% 118
\BOOKMARK [3][-]{subsubsection.3.33.1.3}{\376\377\000S\000i\000n\000a\000i\000s\000\040\000d\000e\000\040\000a\000l\000e\000r\000t\000a}{subsection.3.33.1}% 119
\BOOKMARK [3][-]{subsubsection.3.33.1.4}{\376\377\000E\000s\000t\000r\000a\000t\000\351\000g\000i\000a\000\040\000d\000e\000\040\000c\000o\000r\000r\000e\000\347\000\343\000o}{subsection.3.33.1}% 120
\BOOKMARK [2][-]{subsection.3.33.2}{\376\377\000A\000R\000M\000A\000D\000I\000L\000H\000A\000\040\000\043\0002\000:\000\040\000P\000e\000c\000\372\000l\000i\000o\000s\000\040\000e\000\040\000A\000b\000o\000n\000o\000s\000\040\000E\000s\000q\000u\000e\000c\000i\000d\000o\000s}{section.3.33}% 121
\BOOKMARK [3][-]{subsubsection.3.33.2.1}{\376\377\000O\000\040\000q\000u\000e\000\040\000\351}{subsection.3.33.2}% 122
\BOOKMARK [3][-]{subsubsection.3.33.2.2}{\376\377\000S\000i\000n\000a\000i\000s\000\040\000d\000e\000\040\000a\000l\000e\000r\000t\000a}{subsection.3.33.2}% 123
\BOOKMARK [3][-]{subsubsection.3.33.2.3}{\376\377\000E\000s\000t\000r\000a\000t\000\351\000g\000i\000a\000\040\000d\000e\000\040\000c\000o\000r\000r\000e\000\347\000\343\000o}{subsection.3.33.2}% 124
\BOOKMARK [2][-]{subsection.3.33.3}{\376\377\000A\000R\000M\000A\000D\000I\000L\000H\000A\000\040\000\043\0003\000:\000\040\000P\000e\000r\000\355\000o\000d\000o\000s\000\040\000d\000e\000\040\000A\000f\000a\000s\000t\000a\000m\000e\000n\000t\000o\000\040\000I\000g\000n\000o\000r\000a\000d\000o\000s}{section.3.33}% 125
\BOOKMARK [3][-]{subsubsection.3.33.3.1}{\376\377\000O\000\040\000q\000u\000e\000\040\000\351}{subsection.3.33.3}% 126
\BOOKMARK [3][-]{subsubsection.3.33.3.2}{\376\377\000R\000e\000g\000r\000a\000\040\000i\000m\000p\000o\000r\000t\000a\000n\000t\000e}{subsection.3.33.3}% 127
\BOOKMARK [3][-]{subsubsection.3.33.3.3}{\376\377\000S\000i\000n\000a\000i\000s\000\040\000d\000e\000\040\000a\000l\000e\000r\000t\000a}{subsection.3.33.3}% 128
\BOOKMARK [3][-]{subsubsection.3.33.3.4}{\376\377\000E\000s\000t\000r\000a\000t\000\351\000g\000i\000a\000\040\000d\000e\000\040\000c\000o\000r\000r\000e\000\347\000\343\000o}{subsection.3.33.3}% 129
\BOOKMARK [2][-]{subsection.3.33.4}{\376\377\000A\000R\000M\000A\000D\000I\000L\000H\000A\000\040\000\043\0004\000:\000\040\000T\000e\000m\000p\000o\000\040\000M\000i\000l\000i\000t\000a\000r\000\040\000e\000\040\000C\000T\000C\000\040\000M\000a\000l\000\040\000A\000p\000l\000i\000c\000a\000d\000o\000s}{section.3.33}% 130
\BOOKMARK [3][-]{subsubsection.3.33.4.1}{\376\377\000O\000\040\000q\000u\000e\000\040\000\351}{subsection.3.33.4}% 131
\BOOKMARK [3][-]{subsubsection.3.33.4.2}{\376\377\000T\000i\000p\000o\000s\000\040\000d\000e\000\040\000t\000e\000m\000p\000o\000\040\000a\000f\000e\000t\000a\000d\000o\000s}{subsection.3.33.4}% 132
\BOOKMARK [3][-]{subsubsection.3.33.4.3}{\376\377\000S\000i\000n\000a\000i\000s\000\040\000d\000e\000\040\000a\000l\000e\000r\000t\000a}{subsection.3.33.4}% 133
\BOOKMARK [3][-]{subsubsection.3.33.4.4}{\376\377\000D\000o\000c\000u\000m\000e\000n\000t\000a\000\347\000\343\000o\000\040\000n\000e\000c\000e\000s\000s\000\341\000r\000i\000a}{subsection.3.33.4}% 134
\BOOKMARK [3][-]{subsubsection.3.33.4.5}{\376\377\000E\000s\000t\000r\000a\000t\000\351\000g\000i\000a\000\040\000d\000e\000\040\000c\000o\000r\000r\000e\000\347\000\343\000o}{subsection.3.33.4}% 135
\BOOKMARK [2][-]{subsection.3.33.5}{\376\377\000A\000R\000M\000A\000D\000I\000L\000H\000A\000\040\000\043\0005\000:\000\040\000A\000p\000o\000s\000e\0